Using pre-set license
Built from '2020.2/release' branch; Version is '2020.2.2f1 (068178b99f32) revision 426360'; Using compiler version '192528614'; Build Type 'Release'
OS: 'Windows 10 Home; OS build 19041.746; Version 2004; 64bit' Language: 'en' Physical Memory: 16333 MB
BatchMode: 1, IsHumanControllingUs: 0, StartBugReporterOnCrash: 0, Is64bit: 1, IsPro: 0

 COMMAND LINE ARGUMENTS:
C:\Program Files\Unity\Hub\Editor\2020.2.2f1\Editor\Unity.exe
-adb2
-batchMode
-noUpm
-name
AssetImportWorker0
-projectPath
C:/Users/headm/Desktop/Unity/HighMagic21
-logFile
Logs/AssetImportWorker0.log
-srvPort
54117
Successfully changed project path to: C:/Users/headm/Desktop/Unity/HighMagic21
C:/Users/headm/Desktop/Unity/HighMagic21
Using Asset Import Pipeline V2.
Refreshing native plugins compatible for Editor in 39.90 ms, found 1 plugins.
Preloading 0 native plugins for Editor in 0.00 ms.
Initialize engine version: 2020.2.2f1 (068178b99f32)
[Subsystems] Discovering subsystems at path C:/Program Files/Unity/Hub/Editor/2020.2.2f1/Editor/Data/Resources/UnitySubsystems
[Subsystems] Discovering subsystems at path C:/Users/headm/Desktop/Unity/HighMagic21/Assets
GfxDevice: creating device client; threaded=0
Direct3D:
    Version:  Direct3D 11.0 [level 11.1]
    Renderer: NVIDIA GeForce GTX 1660 (ID=0x2184)
    Vendor:   
    VRAM:     5991 MB
    Driver:   27.21.14.5751
Initialize mono
Mono path[0] = 'C:/Program Files/Unity/Hub/Editor/2020.2.2f1/Editor/Data/Managed'
Mono path[1] = 'C:/Program Files/Unity/Hub/Editor/2020.2.2f1/Editor/Data/MonoBleedingEdge/lib/mono/unityjit'
Mono config path = 'C:/Program Files/Unity/Hub/Editor/2020.2.2f1/Editor/Data/MonoBleedingEdge/etc'
Using monoOptions --debugger-agent=transport=dt_socket,embedding=1,server=y,suspend=n,address=127.0.0.1:56220
Begin MonoManager ReloadAssembly
Registering precompiled unity dll's ...
Register platform support module: C:/Program Files/Unity/Hub/Editor/2020.2.2f1/Editor/Data/PlaybackEngines/WindowsStandaloneSupport/UnityEditor.WindowsStandalone.Extensions.dll
Registered in 0.002313 seconds.
Native extension for WindowsStandalone target not found
Refreshing native plugins compatible for Editor in 37.03 ms, found 1 plugins.
Preloading 0 native plugins for Editor in 0.00 ms.
Invoked RoslynAnalysisRunner static constructor.
RoslynAnalysisRunner will not be running.
RoslynAnalysisRunner has terminated.
Mono: successfully reloaded assembly
- Completed reload, in  1.145 seconds
Platform modules already initialized, skipping
Registering precompiled user dll's ...
Registered in 0.001029 seconds.
Begin MonoManager ReloadAssembly
Native extension for WindowsStandalone target not found
Refreshing native plugins compatible for Editor in 38.00 ms, found 1 plugins.
Preloading 0 native plugins for Editor in 0.00 ms.
Invoked RoslynAnalysisRunner static constructor.
RoslynAnalysisRunner will not be running.
RoslynAnalysisRunner has terminated.
Mono: successfully reloaded assembly
- Completed reload, in  0.981 seconds
Platform modules already initialized, skipping
========================================================================
Worker process is ready to serve import requests
Launched and connected shader compiler UnityShaderCompiler.exe after 0.04 seconds
Refreshing native plugins compatible for Editor in 0.35 ms, found 1 plugins.
Preloading 0 native plugins for Editor in 0.00 ms.
Unloading 1792 Unused Serialized files (Serialized files now loaded: 0)
System memory in use before: 84.2 MB.
System memory in use after: 84.1 MB.

Unloading 24 unused Assets to reduce memory usage. Loaded Objects now: 2233.
Total: 2.258900 ms (FindLiveObjects: 0.184900 ms CreateObjectMapping: 0.045000 ms MarkObjects: 1.893200 ms  DeleteObjects: 0.134700 ms)

========================================================================
Received Import Request.
  path: Assets/New Folder
  artifactKey: Guid(d46cd8a35bfd593418766fb34faca41d) Importer(815301076,1909f56bfc062723c751e8b465ee728b)
Start importing Assets/New Folder using Guid(d46cd8a35bfd593418766fb34faca41d) Importer(815301076,1909f56bfc062723c751e8b465ee728b)  -> (artifact id: '183e7a25db6c0c74f2bbb56f2c49d343') in 0.009806 seconds
  Import took 0.012721 seconds .

========================================================================
Received Import Request.
  Time since last request: 2.552654 seconds.
  path: Assets/New Folder/Prefabs
  artifactKey: Guid(e9dbf40935b4f514eb1aa1e7357166b9) Importer(815301076,1909f56bfc062723c751e8b465ee728b)
Start importing Assets/New Folder/Prefabs using Guid(e9dbf40935b4f514eb1aa1e7357166b9) Importer(815301076,1909f56bfc062723c751e8b465ee728b)  -> (artifact id: '6648e707753ed00524ec4f0b7d1637a9') in 0.007085 seconds
  Import took 0.010209 seconds .

========================================================================
Received Import Request.
  Time since last request: 11.757772 seconds.
  path: Assets/Scripts
  artifactKey: Guid(d46cd8a35bfd593418766fb34faca41d) Importer(815301076,1909f56bfc062723c751e8b465ee728b)
Start importing Assets/Scripts using Guid(d46cd8a35bfd593418766fb34faca41d) Importer(815301076,1909f56bfc062723c751e8b465ee728b)  -> (artifact id: '7754218565291c07ca6f6abaf5bd3ec5') in 0.008165 seconds
  Import took 0.010965 seconds .

========================================================================
Received Import Request.
  Time since last request: 8.567040 seconds.
  path: Assets/Scripts/Sounds
  artifactKey: Guid(cd7d3662af0c5ea41bcac519b1044805) Importer(815301076,1909f56bfc062723c751e8b465ee728b)
Start importing Assets/Scripts/Sounds using Guid(cd7d3662af0c5ea41bcac519b1044805) Importer(815301076,1909f56bfc062723c751e8b465ee728b)  -> (artifact id: '217643c0c1a238865e3bd63c111c836f') in 0.008032 seconds
  Import took 0.010980 seconds .

========================================================================
Received Import Request.
  Time since last request: 10.721000 seconds.
  path: Assets/Scripts/GameManager.cs
  artifactKey: Guid(ae6b74eb208f6a14297bd992dbb3940e) Importer(815301076,1909f56bfc062723c751e8b465ee728b)
Start importing Assets/Scripts/GameManager.cs using Guid(ae6b74eb208f6a14297bd992dbb3940e) Importer(815301076,1909f56bfc062723c751e8b465ee728b)  -> (artifact id: '70cb717ab7489380dfb33d9d42d7b5ab') in 0.023897 seconds
  Import took 0.026722 seconds .

========================================================================
Received Import Request.
  Time since last request: 0.001649 seconds.
  path: Assets/Scripts/GameManager.cs
  artifactKey: Guid(ae6b74eb208f6a14297bd992dbb3940e) Importer(815301076,1909f56bfc062723c751e8b465ee728b)
Start importing Assets/Scripts/GameManager.cs using Guid(ae6b74eb208f6a14297bd992dbb3940e) Importer(815301076,1909f56bfc062723c751e8b465ee728b)  -> (artifact id: '70cb717ab7489380dfb33d9d42d7b5ab') in 0.003502 seconds
  Import took 0.006334 seconds .

========================================================================
Received Prepare
Registering precompiled user dll's ...
Registered in 0.001170 seconds.
Begin MonoManager ReloadAssembly
Native extension for WindowsStandalone target not found
Refreshing native plugins compatible for Editor in 0.38 ms, found 1 plugins.
Preloading 0 native plugins for Editor in 0.00 ms.
Invoked RoslynAnalysisRunner static constructor.
RoslynAnalysisRunner will not be running.
RoslynAnalysisRunner has terminated.
Mono: successfully reloaded assembly
- Completed reload, in  0.887 seconds
Platform modules already initialized, skipping
Refreshing native plugins compatible for Editor in 0.36 ms, found 1 plugins.
Preloading 0 native plugins for Editor in 0.00 ms.
Unloading 1788 Unused Serialized files (Serialized files now loaded: 0)
System memory in use before: 84.2 MB.
System memory in use after: 84.2 MB.

Unloading 12 unused Assets to reduce memory usage. Loaded Objects now: 2237.
Total: 2.069000 ms (FindLiveObjects: 0.222100 ms CreateObjectMapping: 0.046400 ms MarkObjects: 1.682800 ms  DeleteObjects: 0.116400 ms)

AssetImportWorkerClient::OnTransportError - code=2 error=End of file
